---------------alpide-----------------------
Thickness = 50.0
50.07
[62]
---------------------H-----------------
Longitudinal straggling at 50.07um and [2.07]: dx = [2.08]
Correspondent kinEn for range_data of [2.08] um: E = [0.22232143] MeV
is interpolation necessary: True
nearest point: 2.11 um
------------------------------------------------------------------------
50.01
[77]
---------------------He-----------------
Longitudinal straggling at 50.01um and [8.12]: dx = [2.02]
Correspondent kinEn for range_data of [2.02] um: E = [0.51] MeV
is interpolation necessary: True
nearest point: 1.99 um
------------------------------------------------------------------------
50.01
[85]
---------------------Li-----------------
Longitudinal straggling at 50.01um and [16.17]: dx = [1.74]
Correspondent kinEn for range_data of [1.74] um: E = [0.49583333] MeV
is interpolation necessary: True
nearest point: 1.75 um
------------------------------------------------------------------------
50.01
[89]
---------------------Be-----------------
Longitudinal straggling at 50.01um and [24.5]: dx = [1.79]
Correspondent kinEn for range_data of [1.79] um: E = [0.6625] MeV
is interpolation necessary: True
nearest point: 1.77 um
------------------------------------------------------------------------
50.06
[93]
---------------------B-----------------
Longitudinal straggling at 50.06um and [33.8]: dx = [1.7]
Correspondent kinEn for range_data of [1.7] um: E = [0.93636364] MeV
is interpolation necessary: True
nearest point: 1.66 um
------------------------------------------------------------------------
50.0
[96]
---------------------C-----------------
Longitudinal straggling at 50.0um and [42.31]: dx = [1.61]
Correspondent kinEn for range_data of [1.61] um: E = [1.02222222] MeV
is interpolation necessary: True
nearest point: 1.59 um
------------------------------------------------------------------------
50.0
[98]
---------------------N-----------------
Longitudinal straggling at 50.0um and [53.04]: dx = [1.7]
Correspondent kinEn for range_data of [1.7] um: E = [1.26666667] MeV
is interpolation necessary: True
nearest point: 1.73 um
------------------------------------------------------------------------
50.0
[100]
---------------------O-----------------
Longitudinal straggling at 50.0um and [62.75]: dx = [1.67]
Correspondent kinEn for range_data of [1.67] um: E = [1.2125] MeV
is interpolation necessary: True
nearest point: 1.66 um
------------------------------------------------------------------------
50.0
[102]
---------------------F-----------------
Longitudinal straggling at 50.0um and [75.02]: dx = [1.61]
Correspondent kinEn for range_data of [1.61] um: E = [1.25] MeV
is interpolation necessary: True
nearest point: 1.65 um
------------------------------------------------------------------------
50.0
[103]
---------------------Ne-----------------
Longitudinal straggling at 50.0um and [85.88]: dx = [1.7]
Correspondent kinEn for range_data of [1.7] um: E = [1.35714286] MeV
is interpolation necessary: True
nearest point: 1.73 um
------------------------------------------------------------------------
------------------Tables-------------------
------------------Total Energy-------------------
\begin{table}[]
\resizebox{10.0cm}{!}{
\begin{tabular}{|l|c|c|c|c|c|c|c|c|c|c|c|c|c|}
\hline

Element & $4.0 \ MeV$ & $8.0 \ MeV$ & $10.0 \ MeV$ & $15.0 \ MeV$ & $20.0 \ MeV$ & $30.0 \ MeV$ & $40.0 \ MeV$ & $50.0 \ MeV$ & $60.0 \ MeV$ & $70.0 \ MeV$ & $80.0 \ MeV$ & $90.0 \ MeV$ & $100.0 \ MeV$ \\
\hline
H & $21.9\%$ & $6.2\%$ & $4.1\%$ & $2.0\%$ & $1.2\%$ & $0.6\%$ & $0.3\%$ & $0.2\%$ & $0.2\%$ & $0.1\%$ & $0.1\%$ & $0.1\%$ & $0.1\%$ \\
He & - & - & $56.9\%$ & $24.9\%$ & $14.5\%$ & $6.9\%$ & $4.1\%$ & $2.8\%$ & $2.0\%$ & $1.5\%$ & $1.2\%$ & $1.0\%$ & $0.8\%$ \\
Li & - & - & - & - & $59.6\%$ & $25.7\%$ & $14.9\%$ & $9.9\%$ & $7.1\%$ & $5.4\%$ & $4.2\%$ & $3.4\%$ & $2.8\%$ \\
Be & - & - & - & - & - & $65.5\%$ & $36.6\%$ & $23.5\%$ & $16.5\%$ & $12.2\%$ & $9.4\%$ & $7.5\%$ & $6.1\%$ \\
B & - & - & - & - & - & - & $71.3\%$ & $45.0\%$ & $31.2\%$ & $23.0\%$ & $17.7\%$ & $14.1\%$ & $11.6\%$ \\
C & - & - & - & - & - & - & - & $72.2\%$ & $49.8\%$ & $36.6\%$ & $28.2\%$ & $22.4\%$ & $18.3\%$ \\
N & - & - & - & - & - & - & - & - & $80.2\%$ & $58.8\%$ & $45.0\%$ & $35.7\%$ & $29.0\%$ \\
O & - & - & - & - & - & - & - & - & - & $83.5\%$ & $64.7\%$ & $51.5\%$ & $42.0\%$ \\
F & - & - & - & - & - & - & - & - & - & - & $92.0\%$ & $75.0\%$ & $62.2\%$ \\
Ne & - & - & - & - & - & - & - & - & - & - & - & $95.7\%$ & $80.2\%$ \\
\hline
 \end{tabular} 
 } 
 \end{table}
------------------Electronic Energy-------------------
\begin{table}[]
\resizebox{10.0cm}{!}{
\begin{tabular}{|l|c|c|c|c|c|c|c|c|c|c|c|c|c|}
\hline

Element & $4.0 \ MeV$ & $8.0 \ MeV$ & $10.0 \ MeV$ & $15.0 \ MeV$ & $20.0 \ MeV$ & $30.0 \ MeV$ & $40.0 \ MeV$ & $50.0 \ MeV$ & $60.0 \ MeV$ & $70.0 \ MeV$ & $80.0 \ MeV$ & $90.0 \ MeV$ & $100.0 \ MeV$ \\
\hline
H & $8.7E+05$ & $4.9E+05$ & $4.1E+05$ & $3.0E+05$ & $2.4E+05$ & $1.7E+05$ & $1.4E+05$ & $1.2E+05$ & $1.0E+05$ & $8.9E+04$ & $8.0E+04$ & $7.3E+04$ & $6.8E+04$ \\
He & - & - & $5.7E+06$ & $3.7E+06$ & $2.9E+06$ & $2.1E+06$ & $1.6E+06$ & $1.4E+06$ & $1.2E+06$ & $1.1E+06$ & $9.5E+05$ & $8.6E+05$ & $7.9E+05$ \\
Li & - & - & - & - & $1.2E+07$ & $7.7E+06$ & $6.0E+06$ & $4.9E+06$ & $4.2E+06$ & $3.7E+06$ & $3.4E+06$ & $3.1E+06$ & $2.8E+06$ \\
Be & - & - & - & - & - & $2.0E+07$ & $1.5E+07$ & $1.2E+07$ & $9.9E+06$ & $8.5E+06$ & $7.5E+06$ & $6.7E+06$ & $6.1E+06$ \\
B & - & - & - & - & - & - & $2.8E+07$ & $2.3E+07$ & $1.9E+07$ & $1.6E+07$ & $1.4E+07$ & $1.3E+07$ & $1.2E+07$ \\
C & - & - & - & - & - & - & - & $3.6E+07$ & $3.0E+07$ & $2.6E+07$ & $2.3E+07$ & $2.0E+07$ & $1.8E+07$ \\
N & - & - & - & - & - & - & - & - & $4.8E+07$ & $4.1E+07$ & $3.6E+07$ & $3.2E+07$ & $2.9E+07$ \\
O & - & - & - & - & - & - & - & - & - & $5.8E+07$ & $5.2E+07$ & $4.6E+07$ & $4.2E+07$ \\
F & - & - & - & - & - & - & - & - & - & - & $7.4E+07$ & $6.7E+07$ & $6.2E+07$ \\
Ne & - & - & - & - & - & - & - & - & - & - & - & $8.6E+07$ & $8.0E+07$ \\
\hline
 \end{tabular} 
 } 
 \end{table}
------------------Nuclear Energy( keV )----------------------
\begin{table}[]
\resizebox{10.0cm}{!}{
\begin{tabular}{|l|c|c|c|c|c|c|c|c|c|c|c|c|c|}
\hline

Element & $4.0 \ MeV$ & $8.0 \ MeV$ & $10.0 \ MeV$ & $15.0 \ MeV$ & $20.0 \ MeV$ & $30.0 \ MeV$ & $40.0 \ MeV$ & $50.0 \ MeV$ & $60.0 \ MeV$ & $70.0 \ MeV$ & $80.0 \ MeV$ & $90.0 \ MeV$ & $100.0 \ MeV$ \\
\hline
H & $5.1E+02$ & $2.6E+02$ & $2.1E+02$ & $1.5E+02$ & $1.1E+02$ & $7.8E+01$ & $6.0E+01$ & $4.9E+01$ & $4.1E+01$ & $3.6E+01$ & $3.2E+01$ & $2.9E+01$ & $2.6E+01$ \\
He & - & - & $4.0E+03$ & $2.3E+03$ & $1.7E+03$ & $1.2E+03$ & $8.9E+02$ & $7.2E+02$ & $6.1E+02$ & $5.3E+02$ & $4.7E+02$ & $4.2E+02$ & $3.8E+02$ \\
Li & - & - & - & - & $8.2E+03$ & $4.7E+03$ & $3.5E+03$ & $2.8E+03$ & $2.3E+03$ & $2.0E+03$ & $1.8E+03$ & $1.6E+03$ & $1.4E+03$ \\
Be & - & - & - & - & - & $1.3E+04$ & $8.5E+03$ & $6.5E+03$ & $5.3E+03$ & $4.6E+03$ & $4.0E+03$ & $3.6E+03$ & $3.2E+03$ \\
B & - & - & - & - & - & - & $2.0E+04$ & $1.3E+04$ & $1.1E+04$ & $8.9E+03$ & $7.7E+03$ & $6.8E+03$ & $6.1E+03$ \\
C & - & - & - & - & - & - & - & $2.5E+04$ & $1.8E+04$ & $1.5E+04$ & $1.2E+04$ & $1.1E+04$ & $9.7E+03$ \\
N & - & - & - & - & - & - & - & - & $3.6E+04$ & $2.6E+04$ & $2.1E+04$ & $1.8E+04$ & $1.6E+04$ \\
O & - & - & - & - & - & - & - & - & - & $4.8E+04$ & $3.5E+04$ & $2.9E+04$ & $2.5E+04$ \\
F & - & - & - & - & - & - & - & - & - & - & $7.4E+04$ & $5.2E+04$ & $4.2E+04$ \\
Ne & - & - & - & - & - & - & - & - & - & - & - & $9.6E+04$ & $6.4E+04$ \\
\hline
 \end{tabular} 
 } 
 \end{table}
------------------Multiple Scattering----------------------
\begin{table}[]
\resizebox{10.0cm}{!}{
\begin{tabular}{|l|c|c|c|c|c|c|c|c|c|c|c|c|c|}
\hline

Element & $4.0 \ MeV$ & $8.0 \ MeV$ & $10.0 \ MeV$ & $15.0 \ MeV$ & $20.0 \ MeV$ & $30.0 \ MeV$ & $40.0 \ MeV$ & $50.0 \ MeV$ & $60.0 \ MeV$ & $70.0 \ MeV$ & $80.0 \ MeV$ & $90.0 \ MeV$ & $100.0 \ MeV$ \\
\hline
H & $2.2^{\circ}$ & $1.0^{\circ}$ & $0.8^{\circ}$ & $0.5^{\circ}$ & $0.4^{\circ}$ & $0.2^{\circ}$ & $0.2^{\circ}$ & $0.1^{\circ}$ & $0.1^{\circ}$ & $0.1^{\circ}$ & $0.1^{\circ}$ & $0.1^{\circ}$ & $0.1^{\circ}$ \\
He & - & - & $1.2^{\circ}$ & $0.6^{\circ}$ & $0.4^{\circ}$ & $0.3^{\circ}$ & $0.2^{\circ}$ & $0.2^{\circ}$ & $0.1^{\circ}$ & $0.1^{\circ}$ & $0.1^{\circ}$ & $0.1^{\circ}$ & $0.1^{\circ}$ \\
Li & - & - & - & - & $0.6^{\circ}$ & $0.3^{\circ}$ & $0.2^{\circ}$ & $0.2^{\circ}$ & $0.1^{\circ}$ & $0.1^{\circ}$ & $0.1^{\circ}$ & $0.1^{\circ}$ & $0.1^{\circ}$ \\
Be & - & - & - & - & - & $0.4^{\circ}$ & $0.2^{\circ}$ & $0.2^{\circ}$ & $0.1^{\circ}$ & $0.1^{\circ}$ & $0.1^{\circ}$ & $0.1^{\circ}$ & $0.1^{\circ}$ \\
B & - & - & - & - & - & - & $0.4^{\circ}$ & $0.2^{\circ}$ & $0.2^{\circ}$ & $0.1^{\circ}$ & $0.1^{\circ}$ & $0.1^{\circ}$ & $0.1^{\circ}$ \\
C & - & - & - & - & - & - & - & $0.3^{\circ}$ & $0.2^{\circ}$ & $0.1^{\circ}$ & $0.1^{\circ}$ & $0.1^{\circ}$ & $0.1^{\circ}$ \\
N & - & - & - & - & - & - & - & - & $0.3^{\circ}$ & $0.2^{\circ}$ & $0.1^{\circ}$ & $0.1^{\circ}$ & $0.1^{\circ}$ \\
O & - & - & - & - & - & - & - & - & - & $0.3^{\circ}$ & $0.2^{\circ}$ & $0.1^{\circ}$ & $0.1^{\circ}$ \\
F & - & - & - & - & - & - & - & - & - & - & $0.3^{\circ}$ & $0.2^{\circ}$ & $0.1^{\circ}$ \\
Ne & - & - & - & - & - & - & - & - & - & - & - & $0.4^{\circ}$ & $0.2^{\circ}$ \\
\hline
 \end{tabular} 
 } 
 \end{table}
End of Program
