---------------alpide-----------------------
Thickness = 50.0
50.07
[62]
---------------------H-----------------
Longitudinal straggling at 50.07um and [2.07]: dx = [2.08]
Correspondent kinEn for range_data of [2.08] um: E = [0.22232143] MeV
is interpolation necessary: True
nearest point: 2.11 um
------------------------------------------------------------------------
Fraction of energy loss due to the ALPIDE
Initial Energy ------------------ FracEnLoss -------------------- Scatt Angle
4.0 MeV --------------------- 21.9 ----------------3.1
8.0 MeV --------------------- 6.2 ----------------1.4
10.0 MeV --------------------- 4.1 ----------------1.1
15.0 MeV --------------------- 2.0 ----------------0.7
20.0 MeV --------------------- 1.2 ----------------0.5
30.0 MeV --------------------- 0.6 ----------------0.3
40.0 MeV --------------------- 0.3 ----------------0.3
50.0 MeV --------------------- 0.2 ----------------0.2
60.0 MeV --------------------- 0.2 ----------------0.2
70.0 MeV --------------------- 0.1 ----------------0.1
80.0 MeV --------------------- 0.1 ----------------0.1
90.0 MeV --------------------- 0.1 ----------------0.1
100.0 MeV --------------------- 0.1 ----------------0.1
------------------------------------------------------------------------
50.01
[77]
---------------------He-----------------
Longitudinal straggling at 50.01um and [8.12]: dx = [2.02]
Correspondent kinEn for range_data of [2.02] um: E = [0.51] MeV
is interpolation necessary: True
nearest point: 1.99 um
------------------------------------------------------------------------
Fraction of energy loss due to the ALPIDE
Initial Energy ------------------ FracEnLoss -------------------- Scatt Angle
4.0 MeV --------------------- 0.0 ----------------100000.0
8.0 MeV --------------------- 0.0 ----------------100000.0
10.0 MeV --------------------- 56.9 ----------------1.6
15.0 MeV --------------------- 24.9 ----------------0.8
20.0 MeV --------------------- 14.5 ----------------0.6
30.0 MeV --------------------- 6.9 ----------------0.4
40.0 MeV --------------------- 4.1 ----------------0.3
50.0 MeV --------------------- 2.8 ----------------0.2
60.0 MeV --------------------- 2.0 ----------------0.2
70.0 MeV --------------------- 1.5 ----------------0.2
80.0 MeV --------------------- 1.2 ----------------0.1
90.0 MeV --------------------- 1.0 ----------------0.1
100.0 MeV --------------------- 0.8 ----------------0.1
------------------------------------------------------------------------
50.01
[85]
---------------------Li-----------------
Longitudinal straggling at 50.01um and [16.17]: dx = [1.74]
Correspondent kinEn for range_data of [1.74] um: E = [0.49583333] MeV
is interpolation necessary: True
nearest point: 1.75 um
------------------------------------------------------------------------
Fraction of energy loss due to the ALPIDE
Initial Energy ------------------ FracEnLoss -------------------- Scatt Angle
4.0 MeV --------------------- 0.0 ----------------100000.0
8.0 MeV --------------------- 0.0 ----------------100000.0
10.0 MeV --------------------- 0.0 ----------------100000.0
15.0 MeV --------------------- 0.0 ----------------100000.0
20.0 MeV --------------------- 59.6 ----------------0.8
30.0 MeV --------------------- 25.7 ----------------0.4
40.0 MeV --------------------- 14.9 ----------------0.3
50.0 MeV --------------------- 9.9 ----------------0.2
60.0 MeV --------------------- 7.1 ----------------0.2
70.0 MeV --------------------- 5.4 ----------------0.2
80.0 MeV --------------------- 4.2 ----------------0.1
90.0 MeV --------------------- 3.4 ----------------0.1
100.0 MeV --------------------- 2.8 ----------------0.1
------------------------------------------------------------------------
50.01
[89]
---------------------Be-----------------
Longitudinal straggling at 50.01um and [24.5]: dx = [1.79]
Correspondent kinEn for range_data of [1.79] um: E = [0.6625] MeV
is interpolation necessary: True
nearest point: 1.77 um
------------------------------------------------------------------------
Fraction of energy loss due to the ALPIDE
Initial Energy ------------------ FracEnLoss -------------------- Scatt Angle
4.0 MeV --------------------- 0.0 ----------------100000.0
8.0 MeV --------------------- 0.0 ----------------100000.0
10.0 MeV --------------------- 0.0 ----------------100000.0
15.0 MeV --------------------- 0.0 ----------------100000.0
20.0 MeV --------------------- 0.0 ----------------100000.0
30.0 MeV --------------------- 65.5 ----------------0.6
40.0 MeV --------------------- 36.6 ----------------0.3
50.0 MeV --------------------- 23.5 ----------------0.2
60.0 MeV --------------------- 16.5 ----------------0.2
70.0 MeV --------------------- 12.2 ----------------0.2
80.0 MeV --------------------- 9.4 ----------------0.1
90.0 MeV --------------------- 7.5 ----------------0.1
100.0 MeV --------------------- 6.1 ----------------0.1
------------------------------------------------------------------------
50.06
[93]
---------------------B-----------------
Longitudinal straggling at 50.06um and [33.8]: dx = [1.7]
Correspondent kinEn for range_data of [1.7] um: E = [0.93636364] MeV
is interpolation necessary: True
nearest point: 1.66 um
------------------------------------------------------------------------
Fraction of energy loss due to the ALPIDE
Initial Energy ------------------ FracEnLoss -------------------- Scatt Angle
4.0 MeV --------------------- 0.0 ----------------100000.0
8.0 MeV --------------------- 0.0 ----------------100000.0
10.0 MeV --------------------- 0.0 ----------------100000.0
15.0 MeV --------------------- 0.0 ----------------100000.0
20.0 MeV --------------------- 0.0 ----------------100000.0
30.0 MeV --------------------- 0.0 ----------------100000.0
40.0 MeV --------------------- 71.3 ----------------0.4
50.0 MeV --------------------- 45.0 ----------------0.3
60.0 MeV --------------------- 31.2 ----------------0.2
70.0 MeV --------------------- 23.0 ----------------0.2
80.0 MeV --------------------- 17.7 ----------------0.1
90.0 MeV --------------------- 14.1 ----------------0.1
100.0 MeV --------------------- 11.6 ----------------0.1
------------------------------------------------------------------------
50.0
[96]
---------------------C-----------------
Longitudinal straggling at 50.0um and [42.31]: dx = [1.61]
Correspondent kinEn for range_data of [1.61] um: E = [1.02222222] MeV
is interpolation necessary: True
nearest point: 1.59 um
------------------------------------------------------------------------
Fraction of energy loss due to the ALPIDE
Initial Energy ------------------ FracEnLoss -------------------- Scatt Angle
4.0 MeV --------------------- 0.0 ----------------100000.0
8.0 MeV --------------------- 0.0 ----------------100000.0
10.0 MeV --------------------- 0.0 ----------------100000.0
15.0 MeV --------------------- 0.0 ----------------100000.0
20.0 MeV --------------------- 0.0 ----------------100000.0
30.0 MeV --------------------- 0.0 ----------------100000.0
40.0 MeV --------------------- 0.0 ----------------100000.0
50.0 MeV --------------------- 72.2 ----------------0.3
60.0 MeV --------------------- 49.8 ----------------0.2
70.0 MeV --------------------- 36.6 ----------------0.2
80.0 MeV --------------------- 28.2 ----------------0.2
90.0 MeV --------------------- 22.4 ----------------0.1
100.0 MeV --------------------- 18.3 ----------------0.1
------------------------------------------------------------------------
50.0
[98]
---------------------N-----------------
Longitudinal straggling at 50.0um and [53.04]: dx = [1.7]
Correspondent kinEn for range_data of [1.7] um: E = [1.26666667] MeV
is interpolation necessary: True
nearest point: 1.73 um
------------------------------------------------------------------------
Fraction of energy loss due to the ALPIDE
Initial Energy ------------------ FracEnLoss -------------------- Scatt Angle
4.0 MeV --------------------- 0.0 ----------------100000.0
8.0 MeV --------------------- 0.0 ----------------100000.0
10.0 MeV --------------------- 0.0 ----------------100000.0
15.0 MeV --------------------- 0.0 ----------------100000.0
20.0 MeV --------------------- 0.0 ----------------100000.0
30.0 MeV --------------------- 0.0 ----------------100000.0
40.0 MeV --------------------- 0.0 ----------------100000.0
50.0 MeV --------------------- 0.0 ----------------100000.0
60.0 MeV --------------------- 80.2 ----------------0.3
70.0 MeV --------------------- 58.8 ----------------0.2
80.0 MeV --------------------- 45.0 ----------------0.2
90.0 MeV --------------------- 35.7 ----------------0.1
100.0 MeV --------------------- 29.0 ----------------0.1
------------------------------------------------------------------------
50.0
[100]
---------------------O-----------------
Longitudinal straggling at 50.0um and [62.75]: dx = [1.67]
Correspondent kinEn for range_data of [1.67] um: E = [1.2125] MeV
is interpolation necessary: True
nearest point: 1.66 um
------------------------------------------------------------------------
Fraction of energy loss due to the ALPIDE
Initial Energy ------------------ FracEnLoss -------------------- Scatt Angle
4.0 MeV --------------------- 0.0 ----------------100000.0
8.0 MeV --------------------- 0.0 ----------------100000.0
10.0 MeV --------------------- 0.0 ----------------100000.0
15.0 MeV --------------------- 0.0 ----------------100000.0
20.0 MeV --------------------- 0.0 ----------------100000.0
30.0 MeV --------------------- 0.0 ----------------100000.0
40.0 MeV --------------------- 0.0 ----------------100000.0
50.0 MeV --------------------- 0.0 ----------------100000.0
60.0 MeV --------------------- 0.0 ----------------100000.0
70.0 MeV --------------------- 83.5 ----------------0.3
80.0 MeV --------------------- 64.7 ----------------0.2
90.0 MeV --------------------- 51.5 ----------------0.2
100.0 MeV --------------------- 42.0 ----------------0.1
------------------------------------------------------------------------
50.0
[102]
---------------------F-----------------
Longitudinal straggling at 50.0um and [75.02]: dx = [1.61]
Correspondent kinEn for range_data of [1.61] um: E = [1.25] MeV
is interpolation necessary: True
nearest point: 1.65 um
------------------------------------------------------------------------
Fraction of energy loss due to the ALPIDE
Initial Energy ------------------ FracEnLoss -------------------- Scatt Angle
4.0 MeV --------------------- 0.0 ----------------100000.0
8.0 MeV --------------------- 0.0 ----------------100000.0
10.0 MeV --------------------- 0.0 ----------------100000.0
15.0 MeV --------------------- 0.0 ----------------100000.0
20.0 MeV --------------------- 0.0 ----------------100000.0
30.0 MeV --------------------- 0.0 ----------------100000.0
40.0 MeV --------------------- 0.0 ----------------100000.0
50.0 MeV --------------------- 0.0 ----------------100000.0
60.0 MeV --------------------- 0.0 ----------------100000.0
70.0 MeV --------------------- 0.0 ----------------100000.0
80.0 MeV --------------------- 92.0 ----------------0.3
90.0 MeV --------------------- 75.0 ----------------0.2
100.0 MeV --------------------- 62.2 ----------------0.2
------------------------------------------------------------------------
50.0
[103]
---------------------Ne-----------------
Longitudinal straggling at 50.0um and [85.88]: dx = [1.7]
Correspondent kinEn for range_data of [1.7] um: E = [1.35714286] MeV
is interpolation necessary: True
nearest point: 1.73 um
------------------------------------------------------------------------
Fraction of energy loss due to the ALPIDE
Initial Energy ------------------ FracEnLoss -------------------- Scatt Angle
4.0 MeV --------------------- 0.0 ----------------100000.0
8.0 MeV --------------------- 0.0 ----------------100000.0
10.0 MeV --------------------- 0.0 ----------------100000.0
15.0 MeV --------------------- 0.0 ----------------100000.0
20.0 MeV --------------------- 0.0 ----------------100000.0
30.0 MeV --------------------- 0.0 ----------------100000.0
40.0 MeV --------------------- 0.0 ----------------100000.0
50.0 MeV --------------------- 0.0 ----------------100000.0
60.0 MeV --------------------- 0.0 ----------------100000.0
70.0 MeV --------------------- 0.0 ----------------100000.0
80.0 MeV --------------------- 0.0 ----------------100000.0
90.0 MeV --------------------- 95.7 ----------------0.2
100.0 MeV --------------------- 80.2 ----------------0.2
------------------------------------------------------------------------
End of Program
